0 info it worked if it ends with ok
1 verbose cli [ 'node', '/usr/local/bin/npm', 'install', '-g', 'node-gyp' ]
2 info using npm@2.11.3
3 info using node@v0.12.7
4 verbose install initial load of /usr/local/lib/package.json
5 verbose readDependencies loading dependencies from /usr/local/lib/package.json
6 silly cache add args [ 'node-gyp', null ]
7 verbose cache add spec node-gyp
8 silly cache add parsed spec { raw: 'node-gyp',
8 silly cache add   scope: null,
8 silly cache add   name: 'node-gyp',
8 silly cache add   rawSpec: '',
8 silly cache add   spec: '*',
8 silly cache add   type: 'range' }
9 silly addNamed node-gyp@*
10 verbose addNamed "*" is a valid semver range for node-gyp
11 silly addNameRange { name: 'node-gyp', range: '*', hasData: false }
12 silly mapToRegistry name node-gyp
13 silly mapToRegistry using default registry
14 silly mapToRegistry registry https://registry.npmjs.org/
15 silly mapToRegistry uri https://registry.npmjs.org/node-gyp
16 verbose addNameRange registry:https://registry.npmjs.org/node-gyp not in flight; fetching
17 verbose request uri https://registry.npmjs.org/node-gyp
18 verbose request no auth needed
19 info attempt registry request try #1 at 12:21:39 PM
20 verbose request id 78b14db426368fd3
21 verbose etag "2SK1RH289YSW7NBGV6L7IRQZ0"
22 http request GET https://registry.npmjs.org/node-gyp
23 http 200 https://registry.npmjs.org/node-gyp
24 silly get cb [ 200,
24 silly get   { server: 'CouchDB/1.5.0 (Erlang OTP/R16B03)',
24 silly get     etag: '"3IK8PV43FK4B48RIIRZU1NG6H"',
24 silly get     'content-type': 'application/json',
24 silly get     'cache-control': 'max-age=60',
24 silly get     'content-length': '116566',
24 silly get     'accept-ranges': 'bytes',
24 silly get     date: 'Sat, 29 Aug 2015 19:21:40 GMT',
24 silly get     via: '1.1 varnish',
24 silly get     age: '0',
24 silly get     connection: 'keep-alive',
24 silly get     'x-served-by': 'cache-lax1431-LAX',
24 silly get     'x-cache': 'HIT',
24 silly get     'x-cache-hits': '1',
24 silly get     'x-timer': 'S1440876099.950945,VS0,VE77',
24 silly get     vary: 'Accept' } ]
25 verbose get saving node-gyp to /Users/chuo/.npm/registry.npmjs.org/node-gyp/.cache.json
26 silly addNameRange number 2 { name: 'node-gyp', range: '*', hasData: true }
27 silly addNameRange versions [ 'node-gyp',
27 silly addNameRange   [ '0.0.1',
27 silly addNameRange     '0.0.2',
27 silly addNameRange     '0.0.3',
27 silly addNameRange     '0.0.4',
27 silly addNameRange     '0.0.5',
27 silly addNameRange     '0.0.6',
27 silly addNameRange     '0.1.0',
27 silly addNameRange     '0.1.1',
27 silly addNameRange     '0.1.2',
27 silly addNameRange     '0.1.3',
27 silly addNameRange     '0.1.4',
27 silly addNameRange     '0.2.0',
27 silly addNameRange     '0.2.1',
27 silly addNameRange     '0.2.2',
27 silly addNameRange     '0.3.0',
27 silly addNameRange     '0.3.1',
27 silly addNameRange     '0.3.2',
27 silly addNameRange     '0.3.4',
27 silly addNameRange     '0.3.5',
27 silly addNameRange     '0.3.6',
27 silly addNameRange     '0.3.7',
27 silly addNameRange     '0.3.8',
27 silly addNameRange     '0.3.9',
27 silly addNameRange     '0.3.10',
27 silly addNameRange     '0.3.11',
27 silly addNameRange     '0.4.0',
27 silly addNameRange     '0.4.1',
27 silly addNameRange     '0.4.2',
27 silly addNameRange     '0.4.3',
27 silly addNameRange     '0.4.4',
27 silly addNameRange     '0.4.5',
27 silly addNameRange     '0.5.0',
27 silly addNameRange     '0.5.1',
27 silly addNameRange     '0.5.2',
27 silly addNameRange     '0.5.3',
27 silly addNameRange     '0.5.4',
27 silly addNameRange     '0.5.5',
27 silly addNameRange     '0.5.6',
27 silly addNameRange     '0.5.7',
27 silly addNameRange     '0.5.8',
27 silly addNameRange     '0.6.0',
27 silly addNameRange     '0.6.1',
27 silly addNameRange     '0.6.2',
27 silly addNameRange     '0.6.3',
27 silly addNameRange     '0.6.4',
27 silly addNameRange     '0.6.5',
27 silly addNameRange     '0.6.6',
27 silly addNameRange     '0.6.7',
27 silly addNameRange     '0.6.8',
27 silly addNameRange     '0.6.9',
27 silly addNameRange     '0.6.10',
27 silly addNameRange     '0.6.11',
27 silly addNameRange     '0.7.0',
27 silly addNameRange     '0.7.1',
27 silly addNameRange     '0.7.2',
27 silly addNameRange     '0.7.3',
27 silly addNameRange     '0.8.0',
27 silly addNameRange     '0.8.1',
27 silly addNameRange     '0.8.2',
27 silly addNameRange     '0.8.3',
27 silly addNameRange     '0.8.4',
27 silly addNameRange     '0.8.5',
27 silly addNameRange     '0.9.0',
27 silly addNameRange     '0.9.1',
27 silly addNameRange     '0.9.2',
27 silly addNameRange     '0.9.3',
27 silly addNameRange     '0.9.4',
27 silly addNameRange     '0.9.5',
27 silly addNameRange     '0.9.6',
27 silly addNameRange     '0.10.0',
27 silly addNameRange     '0.10.1',
27 silly addNameRange     '0.10.2',
27 silly addNameRange     '0.10.3',
27 silly addNameRange     '0.10.4',
27 silly addNameRange     '0.10.5',
27 silly addNameRange     '0.10.6',
27 silly addNameRange     '0.10.7',
27 silly addNameRange     '0.10.8',
27 silly addNameRange     '0.10.9',
27 silly addNameRange     '0.10.10',
27 silly addNameRange     '0.11.0',
27 silly addNameRange     '0.12.0',
27 silly addNameRange     '0.12.1',
27 silly addNameRange     '0.12.2',
27 silly addNameRange     '0.13.0',
27 silly addNameRange     '0.13.1',
27 silly addNameRange     '1.0.0',
27 silly addNameRange     '1.0.1',
27 silly addNameRange     '1.0.2',
27 silly addNameRange     '1.0.3',
27 silly addNameRange     '2.0.0',
27 silly addNameRange     '2.0.1',
27 silly addNameRange     '2.0.2' ] ]
28 silly addNamed node-gyp@2.0.2
29 verbose addNamed "2.0.2" is a plain semver version for node-gyp
30 silly cache afterAdd node-gyp@2.0.2
31 verbose afterAdd /Users/chuo/.npm/node-gyp/2.0.2/package/package.json not in flight; writing
32 verbose afterAdd /Users/chuo/.npm/node-gyp/2.0.2/package/package.json written
33 silly install resolved [ { name: 'node-gyp',
33 silly install resolved     description: 'Node.js native addon build tool',
33 silly install resolved     license: 'MIT',
33 silly install resolved     keywords: [ 'native', 'addon', 'module', 'c', 'c++', 'bindings', 'gyp' ],
33 silly install resolved     version: '2.0.2',
33 silly install resolved     installVersion: 9,
33 silly install resolved     author:
33 silly install resolved      { name: 'Nathan Rajlich',
33 silly install resolved        email: 'nathan@tootallnate.net',
33 silly install resolved        url: 'http://tootallnate.net' },
33 silly install resolved     repository:
33 silly install resolved      { type: 'git',
33 silly install resolved        url: 'git://github.com/TooTallNate/node-gyp.git' },
33 silly install resolved     preferGlobal: true,
33 silly install resolved     bin: { 'node-gyp': './bin/node-gyp.js' },
33 silly install resolved     main: './lib/node-gyp.js',
33 silly install resolved     dependencies:
33 silly install resolved      { fstream: '^1.0.0',
33 silly install resolved        glob: '3 || 4',
33 silly install resolved        'graceful-fs': '3',
33 silly install resolved        minimatch: '1',
33 silly install resolved        mkdirp: '^0.5.0',
33 silly install resolved        nopt: '2 || 3',
33 silly install resolved        npmlog: '0 || 1',
33 silly install resolved        osenv: '0',
33 silly install resolved        'path-array': '^1.0.0',
33 silly install resolved        request: '2',
33 silly install resolved        rimraf: '2',
33 silly install resolved        semver: '2.x || 3.x || 4',
33 silly install resolved        tar: '^1.0.0',
33 silly install resolved        which: '1' },
33 silly install resolved     engines: { node: '>= 0.8.0' },
33 silly install resolved     gitHead: 'f403e263b87f6a8ad130add248c90565d49427f7',
33 silly install resolved     bugs: { url: 'https://github.com/TooTallNate/node-gyp/issues' },
33 silly install resolved     homepage: 'https://github.com/TooTallNate/node-gyp#readme',
33 silly install resolved     _id: 'node-gyp@2.0.2',
33 silly install resolved     scripts: {},
33 silly install resolved     _shasum: '6350760aaba74ba108fdc368afd8864e14b6ad91',
33 silly install resolved     _from: 'node-gyp@*',
33 silly install resolved     _npmVersion: '2.11.2',
33 silly install resolved     _nodeVersion: '0.12.6',
33 silly install resolved     _npmUser: { name: 'tootallnate', email: 'nathan@tootallnate.net' },
33 silly install resolved     maintainers: [ [Object], [Object], [Object] ],
33 silly install resolved     dist:
33 silly install resolved      { shasum: '6350760aaba74ba108fdc368afd8864e14b6ad91',
33 silly install resolved        tarball: 'http://registry.npmjs.org/node-gyp/-/node-gyp-2.0.2.tgz' },
33 silly install resolved     directories: {},
33 silly install resolved     _resolved: 'https://registry.npmjs.org/node-gyp/-/node-gyp-2.0.2.tgz',
33 silly install resolved     readme: 'ERROR: No README data found!' } ]
34 info install node-gyp@2.0.2 into /usr/local/lib
35 info installOne node-gyp@2.0.2
36 verbose installOne of node-gyp to /usr/local/lib not in flight; installing
37 verbose lock using /Users/chuo/.npm/_locks/node-gyp-7153cdcb940d3c17.lock for /usr/local/lib/node_modules/node-gyp
38 silly install write writing node-gyp 2.0.2 to /usr/local/lib/node_modules/node-gyp
39 verbose unbuild lib/node_modules/node-gyp
40 info preuninstall node-gyp@2.0.2
41 info uninstall node-gyp@2.0.2
42 verbose unbuild rmStuff node-gyp@2.0.2 from /usr/local/lib/node_modules
43 silly gentlyRm /usr/local/bin/node-gyp is being gently removed
44 silly gentlyRm verifying /usr/local is an npm working directory
45 silly gentlyRm containing path /usr/local is under npm's control, in /usr/local
46 silly gentlyRm deletion target /usr/local/bin/node-gyp is under /usr/local
47 verbose gentlyRm vacuuming from /usr/local/bin/node-gyp up to /usr/local
48 silly vacuum-fs removing /usr/local/bin/node-gyp
49 silly vacuum-fs quitting because other entries in /usr/local/bin
50 info postuninstall node-gyp@2.0.2
51 silly gentlyRm /usr/local/lib/node_modules/node-gyp is being purged from base /usr/local
52 verbose gentlyRm don't care about contents; nuking /usr/local/lib/node_modules/node-gyp
53 silly vacuum-fs purging /usr/local/lib/node_modules/node-gyp
54 verbose unlock done using /Users/chuo/.npm/_locks/node-gyp-7153cdcb940d3c17.lock for /usr/local/lib/node_modules/node-gyp
55 verbose stack Error: EACCES, rmdir '/usr/local/lib/node_modules/node-gyp'
55 verbose stack     at Error (native)
56 verbose cwd /Users/chuo/Desktop/LINK
57 error Darwin 14.5.0
58 error argv "node" "/usr/local/bin/npm" "install" "-g" "node-gyp"
59 error node v0.12.7
60 error npm  v2.11.3
61 error path /usr/local/lib/node_modules/node-gyp
62 error code EACCES
63 error errno -13
64 error Error: EACCES, rmdir '/usr/local/lib/node_modules/node-gyp'
64 error     at Error (native)
64 error  { [Error: EACCES, rmdir '/usr/local/lib/node_modules/node-gyp']
64 error   errno: -13,
64 error   code: 'EACCES',
64 error   path: '/usr/local/lib/node_modules/node-gyp' }
65 error Please try running this command again as root/Administrator.
66 verbose exit [ -13, true ]
67 verbose unbuild lib/node_modules/node-gyp
68 info preuninstall node-gyp@2.0.2
69 info uninstall node-gyp@2.0.2
70 verbose unbuild rmStuff node-gyp@2.0.2 from /usr/local/lib/node_modules
71 silly gentlyRm /usr/local/bin/node-gyp is being gently removed
72 silly gentlyRm verifying /usr/local is an npm working directory
73 silly gentlyRm containing path /usr/local is under npm's control, in /usr/local
74 silly gentlyRm deletion target /usr/local/bin/node-gyp is under /usr/local
75 verbose gentlyRm vacuuming from /usr/local/bin/node-gyp up to /usr/local
76 info postuninstall node-gyp@2.0.2
77 silly gentlyRm /usr/local/lib/node_modules/node-gyp is being purged from base /usr/local
78 verbose gentlyRm don't care about contents; nuking /usr/local/lib/node_modules/node-gyp
79 silly vacuum-fs purging /usr/local/lib/node_modules/node-gyp
80 error error rolling back Error: EACCES, rmdir '/usr/local/lib/node_modules/node-gyp'
80 error error rolling back     at Error (native)
80 error error rolling back  { [Error: EACCES, rmdir '/usr/local/lib/node_modules/node-gyp']
80 error error rolling back   errno: -13,
80 error error rolling back   code: 'EACCES',
80 error error rolling back   path: '/usr/local/lib/node_modules/node-gyp' }
